2025-06-08 18:54:00,957 INFO: Parliament startup [in /Users/kevinlejeune/Downloads/specque-app-v2/app/utils/logger.py:23]
2025-06-08 18:54:02,268 INFO: Parliament startup [in /Users/kevinlejeune/Downloads/specque-app-v2/app/utils/logger.py:23]
2025-06-08 18:54:08,283 ERROR: Unhandled Exception: 'None' has no attribute 'author' [in /Users/kevinlejeune/Downloads/specque-app-v2/app/errors.py:39]
2025-06-08 18:54:08,894 ERROR: Unhandled Exception: 'None' has no attribute 'author' [in /Users/kevinlejeune/Downloads/specque-app-v2/app/errors.py:39]
2025-06-08 18:54:14,267 ERROR: Unhandled Exception: 'None' has no attribute 'author' [in /Users/kevinlejeune/Downloads/specque-app-v2/app/errors.py:39]
2025-06-08 18:55:08,721 INFO: Parliament startup [in /Users/kevinlejeune/Downloads/specque-app-v2/app/utils/logger.py:23]
2025-06-08 18:55:09,733 INFO: Parliament startup [in /Users/kevinlejeune/Downloads/specque-app-v2/app/utils/logger.py:23]
2025-06-09 12:28:34,668 INFO: Parliament startup [in /Users/kevinlejeune/Downloads/specque-app-v2/app/utils/logger.py:23]
2025-06-09 12:28:35,691 INFO: Parliament startup [in /Users/kevinlejeune/Downloads/specque-app-v2/app/utils/logger.py:23]
2025-06-09 12:45:17,004 ERROR: Unhandled Exception: PDF.__init__() takes 1 positional argument but 3 were given [in /Users/kevinlejeune/Downloads/specque-app-v2/app/errors.py:39]
2025-06-12 06:33:21,817 INFO: Parliament startup [in /Users/kevinlejeune/Downloads/specque-app-v2/app/utils/logger.py:23]
2025-06-12 06:33:41,041 INFO: Parliament startup [in /Users/kevinlejeune/Downloads/specque-app-v2/app/utils/logger.py:23]
2025-06-12 06:33:42,094 INFO: Parliament startup [in /Users/kevinlejeune/Downloads/specque-app-v2/app/utils/logger.py:23]
2025-06-12 06:36:18,251 INFO: Parliament startup [in /Users/kevinlejeune/Downloads/specque-app-v2/app/utils/logger.py:23]
2025-06-12 06:36:22,884 ERROR: Unhandled Exception: 'app.forms.RegistrationForm object' has no attribute 'role' [in /Users/kevinlejeune/Downloads/specque-app-v2/app/errors.py:39]
2025-06-12 06:36:24,669 INFO: Parliament startup [in /Users/kevinlejeune/Downloads/specque-app-v2/app/utils/logger.py:23]
2025-06-12 06:36:30,024 INFO: Parliament startup [in /Users/kevinlejeune/Downloads/specque-app-v2/app/utils/logger.py:23]
2025-06-12 06:36:32,314 ERROR: Unhandled Exception: 'app.forms.RegistrationForm object' has no attribute 'role' [in /Users/kevinlejeune/Downloads/specque-app-v2/app/errors.py:39]
2025-06-12 06:36:34,296 ERROR: Unhandled Exception: 'app.forms.RegistrationForm object' has no attribute 'role' [in /Users/kevinlejeune/Downloads/specque-app-v2/app/errors.py:39]
2025-06-12 06:36:38,504 INFO: Parliament startup [in /Users/kevinlejeune/Downloads/specque-app-v2/app/utils/logger.py:23]
2025-06-12 06:37:26,259 INFO: Parliament startup [in /Users/kevinlejeune/Downloads/specque-app-v2/app/utils/logger.py:23]
2025-06-12 06:37:55,797 ERROR: Unhandled Exception: Could not build url for endpoint 'admin.change_role' with values ['user_id']. Did you mean 'admin.assign_role' instead? [in /Users/kevinlejeune/Downloads/specque-app-v2/app/errors.py:39]
2025-06-12 06:37:57,459 ERROR: Unhandled Exception: Could not build url for endpoint 'admin.change_role' with values ['user_id']. Did you mean 'admin.assign_role' instead? [in /Users/kevinlejeune/Downloads/specque-app-v2/app/errors.py:39]
2025-06-12 06:38:05,613 INFO: Parliament startup [in /Users/kevinlejeune/Downloads/specque-app-v2/app/utils/logger.py:23]
2025-06-12 06:38:06,804 INFO: Parliament startup [in /Users/kevinlejeune/Downloads/specque-app-v2/app/utils/logger.py:23]
2025-06-12 06:38:06,896 ERROR: Unhandled Exception: Could not build url for endpoint 'admin.change_role' with values ['user_id']. Did you mean 'admin.assign_role' instead? [in /Users/kevinlejeune/Downloads/specque-app-v2/app/errors.py:39]
2025-06-12 06:38:08,820 ERROR: Unhandled Exception: Could not build url for endpoint 'admin.change_role' with values ['user_id']. Did you mean 'admin.assign_role' instead? [in /Users/kevinlejeune/Downloads/specque-app-v2/app/errors.py:39]
2025-06-12 06:38:18,075 ERROR: Unhandled Exception: Could not build url for endpoint 'admin.change_role' with values ['user_id']. Did you mean 'admin.assign_role' instead? [in /Users/kevinlejeune/Downloads/specque-app-v2/app/errors.py:39]
2025-06-12 06:39:30,758 INFO: Parliament startup [in /Users/kevinlejeune/Downloads/specque-app-v2/app/utils/logger.py:23]
2025-06-12 06:39:32,005 INFO: Parliament startup [in /Users/kevinlejeune/Downloads/specque-app-v2/app/utils/logger.py:23]
2025-06-12 06:39:33,884 ERROR: Unhandled Exception: Could not build url for endpoint 'admin.change_role' with values ['user_id']. Did you mean 'admin.assign_role' instead? [in /Users/kevinlejeune/Downloads/specque-app-v2/app/errors.py:39]
2025-06-12 06:39:35,823 ERROR: Unhandled Exception: Could not build url for endpoint 'admin.change_role' with values ['user_id']. Did you mean 'admin.assign_role' instead? [in /Users/kevinlejeune/Downloads/specque-app-v2/app/errors.py:39]
2025-06-12 06:47:07,224 INFO: Parliament startup [in /Users/kevinlejeune/Downloads/specque-app-v2/app/utils/logger.py:23]
2025-06-12 06:47:08,303 INFO: Parliament startup [in /Users/kevinlejeune/Downloads/specque-app-v2/app/utils/logger.py:23]
2025-06-12 06:49:14,454 INFO: Parliament startup [in /Users/kevinlejeune/Downloads/specque-app-v2/app/utils/logger.py:23]
2025-06-12 06:49:15,605 INFO: Parliament startup [in /Users/kevinlejeune/Downloads/specque-app-v2/app/utils/logger.py:23]
2025-06-12 06:50:31,471 INFO: Parliament startup [in /Users/kevinlejeune/Downloads/specque-app-v2/app/utils/logger.py:23]
2025-06-12 06:50:32,578 INFO: Parliament startup [in /Users/kevinlejeune/Downloads/specque-app-v2/app/utils/logger.py:23]
2025-06-12 17:19:09,341 INFO: Parliament startup [in /Users/kevinlejeune/Downloads/specque-app-v2/app/utils/logger.py:23]
2025-06-12 17:19:10,408 INFO: Parliament startup [in /Users/kevinlejeune/Downloads/specque-app-v2/app/utils/logger.py:23]
2025-06-12 17:29:31,601 INFO: Parliament startup [in /Users/kevinlejeune/Downloads/specque-app-v2/app/utils/logger.py:23]
2025-06-12 17:29:32,671 INFO: Parliament startup [in /Users/kevinlejeune/Downloads/specque-app-v2/app/utils/logger.py:23]
2025-06-12 17:59:15,574 INFO: Parliament startup [in /Users/kevinlejeune/Downloads/specque-app-v2/app/utils/logger.py:23]
2025-06-12 17:59:16,945 INFO: Parliament startup [in /Users/kevinlejeune/Downloads/specque-app-v2/app/utils/logger.py:23]
2025-06-12 18:01:18,508 INFO: Parliament startup [in /Users/kevinlejeune/Downloads/specque-app-v2/app/utils/logger.py:23]
2025-06-12 18:01:32,314 INFO: Parliament startup [in /Users/kevinlejeune/Downloads/specque-app-v2/app/utils/logger.py:23]
2025-06-12 18:01:33,553 INFO: Parliament startup [in /Users/kevinlejeune/Downloads/specque-app-v2/app/utils/logger.py:23]
2025-06-12 18:02:15,994 INFO: Parliament startup [in /Users/kevinlejeune/Downloads/specque-app-v2/app/utils/logger.py:23]
2025-06-12 18:02:56,991 INFO: Parliament startup [in /Users/kevinlejeune/Downloads/specque-app-v2/app/utils/logger.py:23]
2025-06-12 18:06:14,245 INFO: Parliament startup [in /Users/kevinlejeune/Downloads/specque-app-v2/app/utils/logger.py:23]
2025-06-12 18:06:35,204 INFO: Parliament startup [in /Users/kevinlejeune/Downloads/specque-app-v2/app/utils/logger.py:23]
2025-06-12 18:06:36,680 INFO: Parliament startup [in /Users/kevinlejeune/Downloads/specque-app-v2/app/utils/logger.py:23]
2025-06-12 18:07:26,287 INFO: Parliament startup [in /Users/kevinlejeune/Downloads/specque-app-v2/app/utils/logger.py:23]
2025-06-12 18:07:36,457 INFO: Parliament startup [in /Users/kevinlejeune/Downloads/specque-app-v2/app/utils/logger.py:23]
2025-06-12 18:13:09,600 INFO: Parliament startup [in /Users/kevinlejeune/Downloads/specque-app-v2/app/utils/logger.py:23]
2025-06-12 18:18:50,813 INFO: Parliament startup [in /Users/kevinlejeune/Downloads/specque-app-v2/app/utils/logger.py:23]
2025-06-12 18:19:22,831 INFO: Parliament startup [in /Users/kevinlejeune/Downloads/specque-app-v2/app/utils/logger.py:23]
2025-06-12 18:21:34,068 ERROR: Unhandled Exception: 'render_element' is undefined [in /Users/kevinlejeune/Downloads/specque-app-v2/app/errors.py:39]
2025-06-12 18:21:40,904 ERROR: Unhandled Exception: 'render_element' is undefined [in /Users/kevinlejeune/Downloads/specque-app-v2/app/errors.py:39]
2025-06-12 18:26:31,722 INFO: Parliament startup [in /Users/kevinlejeune/Downloads/specque-app-v2/app/utils/logger.py:23]
2025-06-12 18:32:01,856 INFO: Parliament startup [in /Users/kevinlejeune/Downloads/specque-app-v2/app/utils/logger.py:23]
2025-06-12 20:12:00,972 INFO: Parliament startup [in /Users/kevinlejeune/Downloads/specque-app-v2/app/utils/logger.py:23]
2025-06-12 20:33:53,828 INFO: Parliament startup [in /Users/kevinlejeune/Downloads/specque-app-v2/app/utils/logger.py:23]
2025-06-12 20:40:17,192 INFO: Parliament startup [in /Users/kevinlejeune/Downloads/specque-app-v2/app/utils/logger.py:23]
